1539587354686:blowUp
1539587458493:add 1 2
1539587856009:attach
1539587965387:attach 0
1539692456547:add 11 1
1539748605721:attatch 5318
1539748623095:attach 5318
1539748771656:attatch 5318
1539748781872:attach 5318
1539756244600:attach 8253
1539764064995:attach 5318
1539764120123:attach 8253
1539764266587:attach 10023
1539770395462:attach 10900
1539777382328:attach 11733
1539779121682:restore
1539779242436:attach 12088
1539779321172:restore
1539785033242:attach 12831
1539785122222:attach 12854
1539828911133:jad name
1539828940705:jad
1539828946433:jad nem
1539855227550:attach 30789
1539855260917:line com.qipeng.blackcat.web.TrackRecognitionController testShow 24 logger.info("test");
1540214147940:attach 34635
1540214189912:jad com.qipeng.blackcat.web.TrackRecognitionController
1540214940851:attach 34635
1540214979916:jad com.qipeng.blackcat.web.TrackRecognitionController
1540215337272:attach 34956
1540215386252:jad com.qipeng.blackcat.web.TrackRecognitionController
1540264264730:attach 41030
1540264310678:jad com.qipeng.blackcat.web.TrackRecognitionController
1540264647025:attach 41030
1540264655990:jad com.qipeng.blackcat.web.TrackRecognitionController
1540266616597:attach 41030
1540266626887:jad com.qipeng.blackcat.web.TrackRecognitionController
1540266669028:attach 41689
1540266676801:jad com.qipeng.blackcat.web.TrackRecognitionController
1540267038548:attach 41689
1540267044195:jad com.qipeng.blackcat.web.TrackRecognitionController
1540267113443:attach 41839
1540267120089:jad com.qipeng.blackcat.web.TrackRecognitionController
1540274950660:jad com.qipeng.blackcat.web.ManagerController
1540275066798:attach 41839
1540275076360:jad com.qipeng.blackcat.web.TrackRecognitionController
1540275085747:jad com.qipeng.blackcat.web.ManagerController
